<?xml version="1.0" encoding="UTF-8"?>
<!-- Generated by org.testng.reporters.JUnitXMLReporter -->
<testsuite ignored="0" hostname="Hedwig" failures="0" tests="3" name="Default test" time="10.639" errors="0" timestamp="2022-03-29T00:19:22 CDT">
  <testcase classname="selniumHomework.HW_18_3222022_2" name="title" time="0.01"/>
  <testcase classname="selniumHomework.HW_18_3222022_2" name="mouseHoverover" time="5.286"/>
  <testcase classname="selniumHomework.HW_18_3222022_2" name="dropdown" time="0.323"/>
</testsuite> <!-- Default test -->
