<?xml version="1.0" encoding="UTF-8"?>
<testng-results ignored="0" total="3" passed="3" failed="0" skipped="0">
  <reporter-output>
  </reporter-output>
  <suite started-at="2022-03-28T18:02:34 CDT" name="Default suite" finished-at="2022-03-28T18:02:40 CDT" duration-ms="6148">
    <groups>
    </groups>
    <test started-at="2022-03-28T18:02:34 CDT" name="Default test" finished-at="2022-03-28T18:02:40 CDT" duration-ms="6148">
      <class name="selniumHomework.HW_18_3222022_3">
        <test-method is-config="true" signature="setUp()[pri:0, instance:selniumHomework.HW_18_3222022_3@43dac38f]" started-at="2022-03-28T18:02:34 CDT" name="setUp" finished-at="2022-03-28T18:02:36 CDT" duration-ms="2162" status="PASS">
          <reporter-output>
          </reporter-output>
        </test-method> <!-- setUp -->
        <test-method signature="mouseHoverOver()[pri:0, instance:selniumHomework.HW_18_3222022_3@43dac38f]" started-at="2022-03-28T18:02:36 CDT" name="mouseHoverOver" finished-at="2022-03-28T18:02:37 CDT" duration-ms="387" status="PASS">
          <reporter-output>
          </reporter-output>
        </test-method> <!-- mouseHoverOver -->
        <test-method signature="dropdown()[pri:1, instance:selniumHomework.HW_18_3222022_3@43dac38f]" started-at="2022-03-28T18:02:37 CDT" name="dropdown" finished-at="2022-03-28T18:02:40 CDT" duration-ms="3303" status="PASS">
          <reporter-output>
          </reporter-output>
        </test-method> <!-- dropdown -->
        <test-method signature="dropdown2()[pri:2, instance:selniumHomework.HW_18_3222022_3@43dac38f]" started-at="2022-03-28T18:02:40 CDT" name="dropdown2" finished-at="2022-03-28T18:02:40 CDT" duration-ms="118" status="PASS">
          <reporter-output>
          </reporter-output>
        </test-method> <!-- dropdown2 -->
        <test-method is-config="true" signature="tearUp()[pri:0, instance:selniumHomework.HW_18_3222022_3@43dac38f]" started-at="2022-03-28T18:02:40 CDT" name="tearUp" finished-at="2022-03-28T18:02:40 CDT" duration-ms="155" status="PASS">
          <reporter-output>
          </reporter-output>
        </test-method> <!-- tearUp -->
      </class> <!-- selniumHomework.HW_18_3222022_3 -->
    </test> <!-- Default test -->
  </suite> <!-- Default suite -->
</testng-results>
