<?xml version="1.0" encoding="UTF-8"?>
<testng-results ignored="0" total="1" passed="1" failed="0" skipped="0">
  <reporter-output>
  </reporter-output>
  <suite started-at="2022-03-19T16:55:39 CDT" name="Default suite" finished-at="2022-03-19T16:55:43 CDT" duration-ms="3702">
    <groups>
    </groups>
    <test started-at="2022-03-19T16:55:39 CDT" name="Default test" finished-at="2022-03-19T16:55:43 CDT" duration-ms="3702">
      <class name="xpathHomework.Hw_15_03152022_test_by_link_and_partiallink">
        <test-method is-config="true" signature="setUp()[pri:0, instance:xpathHomework.Hw_15_03152022_test_by_link_and_partiallink@2ed2d9cb]" started-at="2022-03-19T16:55:39 CDT" name="setUp" finished-at="2022-03-19T16:55:42 CDT" duration-ms="3427" status="PASS">
          <reporter-output>
          </reporter-output>
        </test-method> <!-- setUp -->
        <test-method signature="testByLink()[pri:0, instance:xpathHomework.Hw_15_03152022_test_by_link_and_partiallink@2ed2d9cb]" started-at="2022-03-19T16:55:43 CDT" name="testByLink" finished-at="2022-03-19T16:55:43 CDT" duration-ms="124" status="PASS">
          <reporter-output>
          </reporter-output>
        </test-method> <!-- testByLink -->
        <test-method is-config="true" signature="tearUp()[pri:0, instance:xpathHomework.Hw_15_03152022_test_by_link_and_partiallink@2ed2d9cb]" started-at="2022-03-19T16:55:43 CDT" name="tearUp" finished-at="2022-03-19T16:55:43 CDT" duration-ms="134" status="PASS">
          <reporter-output>
          </reporter-output>
        </test-method> <!-- tearUp -->
      </class> <!-- xpathHomework.Hw_15_03152022_test_by_link_and_partiallink -->
    </test> <!-- Default test -->
  </suite> <!-- Default suite -->
</testng-results>
